<?xml version="1.0" encoding="UTF-8"?>
<!-- Generated by org.testng.reporters.JUnitReportReporter -->
<testsuite hostname="DESKTOP-2RNHNVL" failures="0" tests="1" name="com.test.lamda.test_case.RegistrationTest" time="6.038" errors="0" timestamp="2023-07-08T22:13:58 BDT" skipped="0">
  <testcase classname="com.test.lamda.test_case.RegistrationTest" name="loginTest" time="6.038"/>
  <system-out/>
</testsuite> <!-- com.test.lamda.test_case.RegistrationTest -->
